<?xml version="1.0" encoding="UTF-8"?>
<!-- Generated by org.testng.reporters.JUnitReportReporter -->
<testsuite hostname="DESKTOP-8VJB88U" failures="0" tests="2" name="RESTAPI.GETRequestAll" time="2.397" errors="0" timestamp="17 Sep 2022 17:36:16 GMT" skipped="0">
  <testcase classname="RESTAPI.GETRequestAll" name="test1" time="2.306"/>
  <testcase classname="RESTAPI.GETRequestAll" name="test2" time="0.091"/>
</testsuite> <!-- RESTAPI.GETRequestAll -->
