<?xml version="1.0" encoding="UTF-8"?>
<!-- Generated by org.testng.reporters.JUnitReportReporter -->
<testsuite hostname="DESKTOP-8VJB88U" failures="0" tests="1" name="RESTAPI.EndToEndTest" time="5.401" errors="0" timestamp="17 Sep 2022 18:36:15 GMT" skipped="0">
  <testcase classname="RESTAPI.EndToEndTest" name="test1" time="5.401"/>
</testsuite> <!-- RESTAPI.EndToEndTest -->
