<?xml version="1.0" encoding="UTF-8"?>
<!-- Generated by org.testng.reporters.JUnitReportReporter -->
<testsuite hostname="DESKTOP-8VJB88U" failures="0" tests="1" name="RESTAPI.POSTRequest" time="3.513" errors="0" timestamp="17 Sep 2022 17:46:23 GMT" skipped="0">
  <testcase classname="RESTAPI.POSTRequest" name="test2" time="3.513"/>
</testsuite> <!-- RESTAPI.POSTRequest -->
