<?xml version="1.0" encoding="UTF-8"?>
<!-- Generated by org.testng.reporters.JUnitReportReporter -->
<testsuite skipped="0" hostname="DESKTOP-8VJB88U" name="RESTAPI.GETRequestAll" tests="2" failures="0" timestamp="17 Sep 2022 18:43:58 GMT" time="0.118" errors="0">
  <testcase name="test2" time="0.060" classname="RESTAPI.GETRequestAll"/>
  <testcase name="test1" time="0.058" classname="RESTAPI.GETRequestAll"/>
</testsuite> <!-- RESTAPI.GETRequestAll -->
