<?xml version="1.0" encoding="UTF-8"?>
<!-- Generated by org.testng.reporters.JUnitReportReporter -->
<testsuite skipped="0" hostname="DESKTOP-8VJB88U" name="RESTAPI.POSTRequest" tests="1" failures="0" timestamp="17 Sep 2022 18:43:58 GMT" time="3.214" errors="0">
  <testcase name="test2" time="3.214" classname="RESTAPI.POSTRequest"/>
</testsuite> <!-- RESTAPI.POSTRequest -->
